0 info it worked if it ends with ok
1 verbose cli [ '/usr/local/bin/node', '/usr/local/bin/npm', 'start' ]
2 info using npm@3.10.10
3 info using node@v6.10.3
4 verbose run-script [ 'prestart', 'start', 'poststart' ]
5 info lifecycle screenshow@0.0.1~prestart: screenshow@0.0.1
6 silly lifecycle screenshow@0.0.1~prestart: no script for prestart, continuing
7 info lifecycle screenshow@0.0.1~start: screenshow@0.0.1
8 verbose lifecycle screenshow@0.0.1~start: unsafe-perm in lifecycle true
9 verbose lifecycle screenshow@0.0.1~start: PATH: /usr/local/lib/node_modules/npm/bin/node-gyp-bin:/media/vtrust/8E7CDF997CDF7B03/003_010/001_Web/2_PROJECT/1_ON/screenShow/node_modules/.bin:/usr/local/sbin:/usr/local/bin:/usr/sbin:/usr/bin:/sbin:/bin:/usr/games:/usr/local/games:/snap/bin:/home/vtrust/.vimpkg/bin
10 verbose lifecycle screenshow@0.0.1~start: CWD: /media/vtrust/8E7CDF997CDF7B03/003_010/001_Web/2_PROJECT/1_ON/screenShow
11 silly lifecycle screenshow@0.0.1~start: Args: [ '-c', 'node app' ]
12 silly lifecycle screenshow@0.0.1~start: Returned: code: 1  signal: null
13 info lifecycle screenshow@0.0.1~start: Failed to exec start script
14 verbose stack Error: screenshow@0.0.1 start: `node app`
14 verbose stack Exit status 1
14 verbose stack     at EventEmitter.<anonymous> (/usr/local/lib/node_modules/npm/lib/utils/lifecycle.js:255:16)
14 verbose stack     at emitTwo (events.js:106:13)
14 verbose stack     at EventEmitter.emit (events.js:191:7)
14 verbose stack     at ChildProcess.<anonymous> (/usr/local/lib/node_modules/npm/lib/utils/spawn.js:40:14)
14 verbose stack     at emitTwo (events.js:106:13)
14 verbose stack     at ChildProcess.emit (events.js:191:7)
14 verbose stack     at maybeClose (internal/child_process.js:886:16)
14 verbose stack     at Process.ChildProcess._handle.onexit (internal/child_process.js:226:5)
15 verbose pkgid screenshow@0.0.1
16 verbose cwd /media/vtrust/8E7CDF997CDF7B03/003_010/001_Web/2_PROJECT/1_ON/screenShow
17 error Linux 4.14.0-041400-generic
18 error argv "/usr/local/bin/node" "/usr/local/bin/npm" "start"
19 error node v6.10.3
20 error npm  v3.10.10
21 error code ELIFECYCLE
22 error screenshow@0.0.1 start: `node app`
22 error Exit status 1
23 error Failed at the screenshow@0.0.1 start script 'node app'.
23 error Make sure you have the latest version of node.js and npm installed.
23 error If you do, this is most likely a problem with the screenshow package,
23 error not with npm itself.
23 error Tell the author that this fails on your system:
23 error     node app
23 error You can get information on how to open an issue for this project with:
23 error     npm bugs screenshow
23 error Or if that isn't available, you can get their info via:
23 error     npm owner ls screenshow
23 error There is likely additional logging output above.
24 verbose exit [ 1, true ]
